Terminal log file
Date: 3/9/2015 - 11:02:57 AM
-----------------------------------------------
Loop start
Value set to field 1 : 45
Sending to thingspeak failed
Loop start
Value set to field 1 : 45
Sending to thingspeak failed
Loop start
Value set to field 1 : 45
Sending to thingspeak failed
Loop start
Value set to field 1 : 45
Sending to thingspeak failed
Loop start
Value set to field 1 : 45
Sending to thingspeak failed
Entered ledControl loop 
off
Entered ledControl loop 
on
Loop start
Value set to field 1 : 45
Sending to thingspeak failed
Loop start
Value set to field 1 : 45
Sending to thingspeak failed
Loop start
Value set to field 1 : 45
Sending to thingspeak failed
Loop start
Value set to field 1 : 45
Sending to thingspeak failed
Loop start
Value set to field 1 : 45
Sending to thingspeak failed
Loop start
Value set to field 1 : 45
Sending to thingspeak failed
Loop start
Value set to field 1 : 45
Sending to thingspeak failed
Loop start
Value set to field 1 : 45
Sending to thingspeak failed
Loop start
Value set to field 1 : 45
Sending to thingspeak failed
Loop start
Value set to field 1 : 45
Sending to thingspeak failed
Loop start
Value set to field 1 : 45
Sending to thingspeak failed
Loop start
Value set to field 1 : 45
Sending to thingspeak failed
Loop start
Value set to field 1 : 45
Sending to thingspeak failed
Loop start
Value set to field 1 : 45
Sending to thingspeak failed
Loop start
Value set to field 1 : 45
Sending to thingspeak failed
Loop start
Value set to field 1 : 45
Sending to thingspeak failed
Loop start
Value set to field 1 : 45
Sending to thingspeak failed
Loop start
Value set to field 1 : 45
Sending to thingspeak failed
Loop start
Value set to field 1 : 45
Sending to thingspeak failed
Loop start
Value set to field 1 : 45
Sending to thingspeak failed
Loop start
Value set to field 1 : 45
Sending to thingspeak failed
Loop start
Value set to field 1 : 45
Sending to thingspeak failed
Loop start
Value set to field 1 : 45
Sending to thingspeak failed
Loop start
Value set to field 1 : 45
Sending to thingspeak failed
Loop start
Value set to field 1 : 45
Sending to thingspeak failed
Loop start
Value set to field 1 : 45
Sending to thingspeak failed
Loop start
Value set to field 1 : 45
Sending to thingspeak failed
Loop start
Value set to field 1 : 45
Sending to thingspeak failed
Loop start
Value set to field 1 : 45
Sending to thingspeak failed
Loop start
Value set to field 1 : 45
Sending to thingspeak failed
Loop start
Value set to field 1 : 45
Sending to thingspeak failed
Loop start
Value set to field 1 : 45
Sending to thingspeak failed
Loop start
Value set to field 1 : 45
Sending to thingspeak failed
Loop start
Value set to field 1 : 45
Sending to thingspeak failed
Loop start
Value set to field 1 : 45
Sending to thingspeak failed
Loop start
Value set to field 1 : 45
Sending to thingspeak failed
Loop start
Value set to field 1 : 45
Sending to thingspeak failed
Loop start
Value set to field 1 : 45
Sending to thingspeak failed
Loop start
Value set to field 1 : 45
Sending to thingspeak failed
Loop start
Value set to field 1 : 45
Sending to thingspeak failed
Loop start
Value set to field 1 : 45
Sending to thingspeak failed
Loop start
Value set to field 1 : 45
Sending to thingspeak failed
Loop start
Value set to field 1 : 45
Sending to thingspeak failed
Loop start
Value set to field 1 : 45
Sending to thingspeak failed
Loop start
Value set to field 1 : 45
Sending to thingspeak failed
Loop start
Value set to field 1 : 45
Sending to thingspeak failed
Loop start
Value set to field 1 : 45
Sending to thingspeak failed
Loop start
Value set to field 1 : 45
Sending to thingspeak failed
Loop start
Value set to field 1 : 45
Sending to thingspeak failed
Loop start
Value set to field 1 : 45
Sending to thingspeak failed
Loop start
Value set to field 1 : 45
Sending to thingspeak failed
Loop start
Value set to field 1 : 45
Sending to thingspeak failed
Loop start
Value set to field 1 : 45
Sending to thingspeak failed
Loop start
Value set to field 1 : 45
Sending to thingspeak failed
Loop start
Value set to field 1 : 45
Sending to thingspeak failed
Loop start
Value set to field 1 : 45
Sending to thingspeak failed
Loop start
Value set to field 1 : 45
Sending to thingspeak failed
Loop start
Value set to field 1 : 45
Sending to thingspeak failed
Loop start
Value set to field 1 : 45
Sending to thingspeak failed
Loop start
Value set to field 1 : 45
Sending to thingspeak failed
Loop start
Value set to field 1 : 45
Sending to thingspeak failed
Loop start
Value set to field 1 : 45
Sending to thingspeak failed
Loop start
Value set to field 1 : 45
Sending to thingspeak failed
Loop start
Value set to field 1 : 45
Sending to thingspeak failed
Loop start
Value set to field 1 : 45
Sending to thingspeak failed
Loop start
Value set to field 1 : 69
Sending to thingspeak failed
Loop start
Value set to field 1 : 69
Sending to thingspeak failed
Loop start
Value set to field 1 : 69
Sending to thingspeak failed
Loop start
Value set to field 1 : 69
Sending to thingspeak failed
Loop start
Value set to field 1 : 69
Sending to thingspeak failed
Loop start
Value set to field 1 : 69
Sending to thingspeak failed
Loop start
Value set to field 1 : 69
Sending to thingspeak failed
Loop start
Value set to field 1 : 69
Sending to thingspeak failed
Loop start
Value set to field 1 : 69
Sending to thingspeak failed
Loop start
Value set to field 1 : 69
Sending to thingspeak failed
Loop start
Value set to field 1 : 69
Value successfully sent to thingspeak
Loop start
Value set to field 1 : 69
Value successfully sent to thingspeak
Loop start
Value set to field 1 : 69
Value successfully sent to thingspeak
USB->COM adapters:Loop start
Value set to field 1 : 69
Sending to thingspeak failed
Loop start
Value set to field 1 : 69
Value successfully sent to thingspeak
Loop start
Value set to field 1 : 69
Value successfully sent to thingspeak
Loop start
Value set to field 1 : 69
Value successfully sent to thingspeak
Entered ledControl loop 
on
Entered ledControl loop 
off
Entered ledControl loop 
on
Entered ledControl loop 
off
Entered ledControl loop 
on
Entered ledControl loop 
off
Loop start
Value set to field 1 : 69
Value successfully sent to thingspeak
Loop start
Value set to field 1 : 69
Value successfully sent to thingspeak
Loop start
Value set to field 1 : 36
Sending to thingspeak failed
Loop start
Value set to field 1 : 36
Sending to thingspeak failed
Entered ledControl loop 
off
Loop start
Value set to field 1 : 9
Value successfully sent to thingspeak
Loop start
Value set to field 1 : 9
Value successfully sent to thingspeak
Loop start
Value set to field 1 : 9
Sending to thingspeak failed
Loop start
Value set to field 1 : 9
Sending to thingspeak failed
Entered ledControl loop 
on
Loop start
Value set to field 1 : 9
Value successfully sent to thingspeak
Loop start
Value set to field 1 : 9
Value successfully sent to thingspeak
Loop start
Value set to field 1 : 9
Value successfully sent to thingspeak
Loop start
Value set to field 1 : 9
Value successfully sent to thingspeak
Loop start
Value set to field 1 : 9
Value successfully sent to thingspeak
Loop start
Value set to field 1 : 9
Value successfully sent to thingspeak
Loop start
Value set to field 1 : 9
Sending to thingspeak failed
Loop start
Value set to field 1 : 9
Sending to thingspeak failed
Loop start
Value set to field 1 : 9
Sending to thingspeak failed
Loop start
Value set to field 1 : 9
Sending to thingspeak failed
Loop start
Value set to field 1 : 9
Sending to thingspeak failed
Loop start
Value set to field 1 : 9
Sending to thingspeak failed
Loop start
Value set to field 1 : 9
Sending to thingspeak failed
Loop start
Value set to field 1 : 9
Sending to thingspeak failed
Loop start
Value set to field 1 : 9
Sending to thingspeak failed
Loop start
Value set to field 1 : 9
Sending to thingspeak failed
Loop start
Value set to field 1 : 9
Sending to thingspeak failed
Loop start
Value set to field 1 : 9
Sending to thingspeak failed
Loop start
Value set to field 1 : 9
Sending to thingspeak failed
Loop start
Value set to field 1 : 9
Sending to thingspeak failed
Loop start
Value set to field 1 : 9
Sending to thingspeak failed
Loop start
Value set to field 1 : 9
Sending to thingspeak failed
Loop start
Value set to field 1 : 9
Sending to thingspeak failed
Loop start
Value set to field 1 : 9
Sending to thingspeak failed
Loop start
Value set to field 1 : 9
Sending to thingspeak failed
Loop start
Value set to field 1 : 9
Sending to thingspeak failed
Loop start
Value set to field 1 : 9
Sending to thingspeak failed
Loop start
Value set to field 1 : 9
Sending to thingspeak failed
Loop start
Value set to field 1 : 9
Sending to thingspeak failed
Loop start
Value set to field 1 : 9
Sending to thingspeak failed
Loop start
Value set to field 1 : 9
Sending to thingspeak failed
Loop start
Value set to field 1 : 9
Sending to thingspeak failed
Loop start
Value set to field 1 : 9
Sending to thingspeak failed
Loop start
Value set to field 1 : 9
Sending to thingspeak failed
Loop start
Value set to field 1 : 9
Sending to thingspeak failed
Loop start
Value set to field 1 : 9
Sending to thingspeak failed
Loop start
Value set to field 1 : 9
Sending to thingspeak failed
Loop start
Value set to field 1 : 9
Sending to thingspeak failed
Loop start
Value set to field 1 : 9
Sending to thingspeak failed
Loop start
Value set to field 1 : 9
Sending to thingspeak failed
Loop start
Value set to field 1 : 9
Sending to thingspeak failed
Loop start
Value set to field 1 : 9
Sending to thingspeak failed
Loop start
Value set to field 1 : 9
Sending to thingspeak failed
Loop start
Value set to field 1 : 9
Sending to thingspeak failed
Loop start
Value set to field 1 : 9
Value successfully sent to thingspeak
Loop start
Value set to field 1 : 9
Sending to thingspeak failed
Loop start
Value set to field 1 : 9
Value successfully sent to thingspeak
Loop start
Value set to field 1 : 9
Value successfully sent to thingspeak
Loop start
Value set to field 1 : 9
Value successfully sent to thingspeak
Loop start
Value set to field 1 : 9
Value successfully sent to thingspeak
Loop start
Value set to field 1 : 9
Sending to thingspeak failed
Loop start
Value set to field 1 : 9
Sending to thingspeak failed
Loop start
Value set to field 1 : 9
Sending to thingspeak failed
Loop start
Value set to field 1 : 9
Sending to thingspeak failed
Loop start
Value set to field 1 : 9
Loop start
Value set to field 1 : 31
Sending to thingspeak failed

-----------------------------------------------
Date: 3/9/2015 - 1:45:28 PM
End log file
